0 info it worked if it ends with ok
1 verbose cli [ '/home/shloosh/.nvm/versions/node/v6.5.0/bin/node',
1 verbose cli   '/home/shloosh/.nvm/versions/node/v6.5.0/bin/npm',
1 verbose cli   'run',
1 verbose cli   'publish' ]
2 info using npm@3.10.3
3 info using node@v6.5.0
4 verbose run-script [ 'prepublish', 'publish', 'postpublish' ]
5 info lifecycle personal-website@1.0.0~prepublish: personal-website@1.0.0
6 silly lifecycle personal-website@1.0.0~prepublish: no script for prepublish, continuing
7 info lifecycle personal-website@1.0.0~publish: personal-website@1.0.0
8 verbose lifecycle personal-website@1.0.0~publish: unsafe-perm in lifecycle true
9 verbose lifecycle personal-website@1.0.0~publish: PATH: /home/shloosh/.nvm/versions/node/v6.5.0/lib/node_modules/npm/bin/node-gyp-bin:/home/shloosh/Desktop/PersonalWebsite/node_modules/.bin:/home/shloosh/.nvm/versions/node/v6.5.0/bin:/home/shloosh/.nvm/versions/node/v6.5.0/bin:/home/shloosh/bin:/home/shloosh/.local/bin:/usr/local/sbin:/usr/local/bin:/usr/sbin:/usr/bin:/sbin:/bin:/usr/games:/usr/local/games:/snap/bin
10 verbose lifecycle personal-website@1.0.0~publish: CWD: /home/shloosh/Desktop/PersonalWebsite
11 silly lifecycle personal-website@1.0.0~publish: Args: [ '-c', 'sh Push_to_Production.sh' ]
12 info lifecycle personal-website@1.0.0~publish: Failed to exec publish script
13 verbose stack Error: personal-website@1.0.0 publish: `sh Push_to_Production.sh`
13 verbose stack spawn ENOENT
13 verbose stack     at ChildProcess.<anonymous> (/home/shloosh/.nvm/versions/node/v6.5.0/lib/node_modules/npm/lib/utils/spawn.js:33:16)
13 verbose stack     at emitTwo (events.js:106:13)
13 verbose stack     at ChildProcess.emit (events.js:191:7)
13 verbose stack     at maybeClose (internal/child_process.js:877:16)
13 verbose stack     at Process.ChildProcess._handle.onexit (internal/child_process.js:226:5)
14 verbose pkgid personal-website@1.0.0
15 verbose cwd /home/shloosh/Desktop/PersonalWebsite
16 error Linux 4.4.0-104-generic
17 error argv "/home/shloosh/.nvm/versions/node/v6.5.0/bin/node" "/home/shloosh/.nvm/versions/node/v6.5.0/bin/npm" "run" "publish"
18 error node v6.5.0
19 error npm  v3.10.3
20 error file sh
21 error code ELIFECYCLE
22 error errno ENOENT
23 error syscall spawn
24 error personal-website@1.0.0 publish: `sh Push_to_Production.sh`
24 error spawn ENOENT
25 error Failed at the personal-website@1.0.0 publish script 'sh Push_to_Production.sh'.
25 error Make sure you have the latest version of node.js and npm installed.
25 error If you do, this is most likely a problem with the personal-website package,
25 error not with npm itself.
25 error Tell the author that this fails on your system:
25 error     sh Push_to_Production.sh
25 error You can get information on how to open an issue for this project with:
25 error     npm bugs personal-website
25 error Or if that isn't available, you can get their info via:
25 error     npm owner ls personal-website
25 error There is likely additional logging output above.
26 verbose exit [ 1, true ]
